<?xml version="1.0" encoding="UTF-8"?>
<testsuite xmlns:xsi="http://www.w3.org/2001/XMLSchema-instance" xsi:noNamespaceSchemaLocation="https://maven.apache.org/surefire/maven-surefire-plugin/xsd/surefire-test-report.xsd" name="ba.unsa.etf.rpr.ExpressionEvaluatorTest" time="0.031" tests="22" errors="0" skipped="0" failures="0">
  <properties>
    <property name="java.specification.version" value="19"/>
    <property name="sun.cpu.isalist" value="amd64"/>
    <property name="sun.jnu.encoding" value="Cp1252"/>
    <property name="java.class.path" value="E:\Projects\Java Projekti\RPR-Homework1\target\test-classes;E:\Projects\Java Projekti\RPR-Homework1\target\classes;C:\Users\User\.m2\repository\junit\junit\4.13.2\junit-4.13.2.jar;C:\Users\User\.m2\repository\org\hamcrest\hamcrest-core\1.3\hamcrest-core-1.3.jar;C:\Users\User\.m2\repository\org\junit\jupiter\junit-jupiter\5.9.0\junit-jupiter-5.9.0.jar;C:\Users\User\.m2\repository\org\junit\jupiter\junit-jupiter-api\5.9.0\junit-jupiter-api-5.9.0.jar;C:\Users\User\.m2\repository\org\opentest4j\opentest4j\1.2.0\opentest4j-1.2.0.jar;C:\Users\User\.m2\repository\org\junit\platform\junit-platform-commons\1.9.0\junit-platform-commons-1.9.0.jar;C:\Users\User\.m2\repository\org\apiguardian\apiguardian-api\1.1.2\apiguardian-api-1.1.2.jar;C:\Users\User\.m2\repository\org\junit\jupiter\junit-jupiter-params\5.9.0\junit-jupiter-params-5.9.0.jar;C:\Users\User\.m2\repository\org\junit\jupiter\junit-jupiter-engine\5.9.0\junit-jupiter-engine-5.9.0.jar;C:\Users\User\.m2\repository\org\junit\platform\junit-platform-engine\1.9.0\junit-platform-engine-1.9.0.jar;"/>
    <property name="java.vm.vendor" value="Oracle Corporation"/>
    <property name="sun.arch.data.model" value="64"/>
    <property name="user.variant" value=""/>
    <property name="java.vendor.url" value="https://java.oracle.com/"/>
    <property name="user.timezone" value="Europe/Sarajevo"/>
    <property name="os.name" value="Windows 11"/>
    <property name="java.vm.specification.version" value="19"/>
    <property name="sun.java.launcher" value="SUN_STANDARD"/>
    <property name="user.country" value="US"/>
    <property name="sun.boot.library.path" value="C:\Program Files\Java\jdk-19\bin"/>
    <property name="sun.java.command" value="C:\Users\User\AppData\Local\Temp\surefire2283194346702545135\surefirebooter4413933239708612416.jar C:\Users\User\AppData\Local\Temp\surefire2283194346702545135 2022-11-17T23-37-48_256-jvmRun1 surefire12073046557582606146tmp surefire_015626444324004107181tmp"/>
    <property name="jdk.debug" value="release"/>
    <property name="surefire.test.class.path" value="E:\Projects\Java Projekti\RPR-Homework1\target\test-classes;E:\Projects\Java Projekti\RPR-Homework1\target\classes;C:\Users\User\.m2\repository\junit\junit\4.13.2\junit-4.13.2.jar;C:\Users\User\.m2\repository\org\hamcrest\hamcrest-core\1.3\hamcrest-core-1.3.jar;C:\Users\User\.m2\repository\org\junit\jupiter\junit-jupiter\5.9.0\junit-jupiter-5.9.0.jar;C:\Users\User\.m2\repository\org\junit\jupiter\junit-jupiter-api\5.9.0\junit-jupiter-api-5.9.0.jar;C:\Users\User\.m2\repository\org\opentest4j\opentest4j\1.2.0\opentest4j-1.2.0.jar;C:\Users\User\.m2\repository\org\junit\platform\junit-platform-commons\1.9.0\junit-platform-commons-1.9.0.jar;C:\Users\User\.m2\repository\org\apiguardian\apiguardian-api\1.1.2\apiguardian-api-1.1.2.jar;C:\Users\User\.m2\repository\org\junit\jupiter\junit-jupiter-params\5.9.0\junit-jupiter-params-5.9.0.jar;C:\Users\User\.m2\repository\org\junit\jupiter\junit-jupiter-engine\5.9.0\junit-jupiter-engine-5.9.0.jar;C:\Users\User\.m2\repository\org\junit\platform\junit-platform-engine\1.9.0\junit-platform-engine-1.9.0.jar;"/>
    <property name="sun.cpu.endian" value="little"/>
    <property name="user.home" value="C:\Users\User"/>
    <property name="user.language" value="en"/>
    <property name="java.specification.vendor" value="Oracle Corporation"/>
    <property name="java.version.date" value="2022-10-18"/>
    <property name="java.home" value="C:\Program Files\Java\jdk-19"/>
    <property name="file.separator" value="\"/>
    <property name="basedir" value="E:\Projects\Java Projekti\RPR-Homework1"/>
    <property name="java.vm.compressedOopsMode" value="Zero based"/>
    <property name="line.separator" value="&#10;"/>
    <property name="java.vm.specification.vendor" value="Oracle Corporation"/>
    <property name="java.specification.name" value="Java Platform API Specification"/>
    <property name="surefire.real.class.path" value="C:\Users\User\AppData\Local\Temp\surefire2283194346702545135\surefirebooter4413933239708612416.jar"/>
    <property name="user.script" value=""/>
    <property name="sun.management.compiler" value="HotSpot 64-Bit Tiered Compilers"/>
    <property name="java.runtime.version" value="19.0.1+10-21"/>
    <property name="user.name" value="User"/>
    <property name="stdout.encoding" value="Cp1252"/>
    <property name="path.separator" value=";"/>
    <property name="os.version" value="10.0"/>
    <property name="java.runtime.name" value="Java(TM) SE Runtime Environment"/>
    <property name="file.encoding" value="UTF-8"/>
    <property name="java.vm.name" value="Java HotSpot(TM) 64-Bit Server VM"/>
    <property name="localRepository" value="C:\Users\User\.m2\repository"/>
    <property name="java.vendor.url.bug" value="https://bugreport.java.com/bugreport/"/>
    <property name="java.io.tmpdir" value="C:\Users\User\AppData\Local\Temp\"/>
    <property name="java.version" value="19.0.1"/>
    <property name="user.dir" value="E:\Projects\Java Projekti\RPR-Homework1"/>
    <property name="os.arch" value="amd64"/>
    <property name="java.vm.specification.name" value="Java Virtual Machine Specification"/>
    <property name="sun.os.patch.level" value=""/>
    <property name="native.encoding" value="Cp1252"/>
    <property name="java.library.path" value="C:\Program Files\Java\jdk-19\bin;C:\WINDOWS\Sun\Java\bin;C:\WINDOWS\system32;C:\WINDOWS;C:\Program Files\Common Files\Oracle\Java\javapath;C:\Program Files (x86)\Intel\oneAPI\tbb\latest\redist\intel64\vc_mt\;C:\Program Files (x86)\Intel\oneAPI\tbb\latest\redist\ia32\vc_mt\;C:\Program Files (x86)\Intel\oneAPI\compiler\latest\windows\redist\intel64_win\compiler;C:\Program Files (x86)\Intel\oneAPI\compiler\latest\windows\redist\ia32_win\compiler;C:\Program Files (x86)\Common Files\Intel\Shared Libraries\redist\intel64\compiler;C:\Program Files\Microsoft\jdk-11.0.12.7-hotspot\bin;C:\Program Files (x86)\Common Files\Oracle\Java\javapath;C:\ProgramData\Oracle\Java\javapath;C:\Windows\system32;C:\Windows;C:\Windows\System32\Wbem;C:\Windows\System32\WindowsPowerShell\v1.0\;C:\Windows\System32\OpenSSH\;C:\Program Files (x86)\NVIDIA Corporation\PhysX\Common;C:\Program Files\NVIDIA Corporation\NVIDIA NvDLISR;C:\Program Files\dotnet\;C:\Program Files\Microsoft SQL Server\Client SDK\ODBC\170\Tools\Binn\;C:\Program Files\Microsoft SQL Server\150\Tools\Binn\;C:\WINDOWS\system32;C:\WINDOWS;C:\WINDOWS\System32\Wbem;C:\WINDOWS\System32\WindowsPowerShell\v1.0\;C:\WINDOWS\System32\OpenSSH\;C:\Program Files\Git\cmd;C:\MinGW\bin;C:\Program Files\Maven\apache-maven-3.8.6\bin;C:\Users\User\AppData\Local\Microsoft\WindowsApps;C:\Users\User\AppData\Local\Programs\MiKTeX\miktex\bin\x64\;C:\Users\User\.dotnet\tools;C:\Program Files\JetBrains\IntelliJ IDEA 2022.2.3\bin;;C:\Users\User\AppData\Local\Programs\Microsoft VS Code\bin;C:\msys64\usr\bin;;C:\Program Files\JetBrains\CLion 2022.2.4\bin;;C:\Program Files\JetBrains\IntelliJ IDEA Community Edition 2022.2.3\bin;;."/>
    <property name="java.vm.info" value="mixed mode, sharing"/>
    <property name="stderr.encoding" value="Cp1252"/>
    <property name="java.vendor" value="Oracle Corporation"/>
    <property name="java.vm.version" value="19.0.1+10-21"/>
    <property name="sun.io.unicode.encoding" value="UnicodeLittle"/>
    <property name="java.class.version" value="63.0"/>
  </properties>
  <testcase name="testEvaluate10" classname="ba.unsa.etf.rpr.ExpressionEvaluatorTest" time="0"/>
  <testcase name="testEvaluate11" classname="ba.unsa.etf.rpr.ExpressionEvaluatorTest" time="0"/>
  <testcase name="testEvaluate12" classname="ba.unsa.etf.rpr.ExpressionEvaluatorTest" time="0"/>
  <testcase name="testEvaluate13" classname="ba.unsa.etf.rpr.ExpressionEvaluatorTest" time="0"/>
  <testcase name="testEvaluate14" classname="ba.unsa.etf.rpr.ExpressionEvaluatorTest" time="0"/>
  <testcase name="testEvaluate15" classname="ba.unsa.etf.rpr.ExpressionEvaluatorTest" time="0"/>
  <testcase name="testEvaluate16" classname="ba.unsa.etf.rpr.ExpressionEvaluatorTest" time="0"/>
  <testcase name="testEvaluate17" classname="ba.unsa.etf.rpr.ExpressionEvaluatorTest" time="0"/>
  <testcase name="testEvaluate18" classname="ba.unsa.etf.rpr.ExpressionEvaluatorTest" time="0"/>
  <testcase name="testEvaluate19" classname="ba.unsa.etf.rpr.ExpressionEvaluatorTest" time="0"/>
  <testcase name="testIsNumeric1" classname="ba.unsa.etf.rpr.ExpressionEvaluatorTest" time="0"/>
  <testcase name="testIsNumeric2" classname="ba.unsa.etf.rpr.ExpressionEvaluatorTest" time="0"/>
  <testcase name="testEvaluate1" classname="ba.unsa.etf.rpr.ExpressionEvaluatorTest" time="0"/>
  <testcase name="testEvaluate2" classname="ba.unsa.etf.rpr.ExpressionEvaluatorTest" time="0"/>
  <testcase name="testEvaluate3" classname="ba.unsa.etf.rpr.ExpressionEvaluatorTest" time="0"/>
  <testcase name="testEvaluate4" classname="ba.unsa.etf.rpr.ExpressionEvaluatorTest" time="0"/>
  <testcase name="testEvaluate5" classname="ba.unsa.etf.rpr.ExpressionEvaluatorTest" time="0"/>
  <testcase name="testEvaluate6" classname="ba.unsa.etf.rpr.ExpressionEvaluatorTest" time="0"/>
  <testcase name="testEvaluate7" classname="ba.unsa.etf.rpr.ExpressionEvaluatorTest" time="0"/>
  <testcase name="testEvaluate8" classname="ba.unsa.etf.rpr.ExpressionEvaluatorTest" time="0"/>
  <testcase name="testEvaluate9" classname="ba.unsa.etf.rpr.ExpressionEvaluatorTest" time="0"/>
  <testcase name="testOperatorChecker" classname="ba.unsa.etf.rpr.ExpressionEvaluatorTest" time="0"/>
</testsuite>